<?xml version="1.0" encoding="UTF-8"?>
<!-- Generated by org.testng.reporters.JUnitReportReporter -->
<testsuite hostname="Poojas-MacBook-Pro.local" failures="0" tests="1" name="runner.TestRunner" time="4.360" errors="0" timestamp="2022-05-25T18:57:34 IST" skipped="0">
  <testcase classname="runner.TestRunner" name="runScenario" time="4.360"/>
  <system-out/>
</testsuite> <!-- runner.TestRunner -->
